[2016-02-23 17:48:23,169][INFO ][cluster.routing.allocation.decider] [Feron] low disk watermark [85%] exceeded on [e90sc3RdQoW9DovH2qCSAA][Feron] free: 38.4gb[10.3%], replicas will not be assigned to this node
[2016-02-23 17:48:53,237][INFO ][cluster.routing.allocation.decider] [Feron] low disk watermark [85%] exceeded on [e90sc3RdQoW9DovH2qCSAA][Feron] free: 38.4gb[10.3%], replicas will not be assigned to this node
[2016-02-23 17:49:23,159][INFO ][cluster.routing.allocation.decider] [Feron] low disk watermark [85%] exceeded on [e90sc3RdQoW9DovH2qCSAA][Feron] free: 38.4gb[10.3%], replicas will not be assigned to this node
[2016-02-23 17:49:53,159][INFO ][cluster.routing.allocation.decider] [Feron] low disk watermark [85%] exceeded on [e90sc3RdQoW9DovH2qCSAA][Feron] free: 38.4gb[10.3%], replicas will not be assigned to this node
[2016-02-23 17:50:23,160][INFO ][cluster.routing.allocation.decider] [Feron] low disk watermark [85%] exceeded on [e90sc3RdQoW9DovH2qCSAA][Feron] free: 38.4gb[10.3%], replicas will not be assigned to this node
[2016-02-23 17:50:53,160][INFO ][cluster.routing.allocation.decider] [Feron] low disk watermark [85%] exceeded on [e90sc3RdQoW9DovH2qCSAA][Feron] free: 38.4gb[10.3%], replicas will not be assigned to this node
[2016-02-23 17:51:23,161][INFO ][cluster.routing.allocation.decider] [Feron] low disk watermark [85%] exceeded on [e90sc3RdQoW9DovH2qCSAA][Feron] free: 38.4gb[10.3%], replicas will not be assigned to this node
[2016-02-23 17:51:53,162][INFO ][cluster.routing.allocation.decider] [Feron] low disk watermark [85%] exceeded on [e90sc3RdQoW9DovH2qCSAA][Feron] free: 38.4gb[10.3%], replicas will not be assigned to this node
[2016-02-23 17:52:23,162][INFO ][cluster.routing.allocation.decider] [Feron] low disk watermark [85%] exceeded on [e90sc3RdQoW9DovH2qCSAA][Feron] free: 38.4gb[10.3%], replicas will not be assigned to this node
[2016-02-23 17:52:53,162][INFO ][cluster.routing.allocation.decider] [Feron] low disk watermark [85%] exceeded on [e90sc3RdQoW9DovH2qCSAA][Feron] free: 38.4gb[10.3%], replicas will not be assigned to this node
[2016-02-23 17:53:23,166][INFO ][cluster.routing.allocation.decider] [Feron] low disk watermark [85%] exceeded on [e90sc3RdQoW9DovH2qCSAA][Feron] free: 38.4gb[10.3%], replicas will not be assigned to this node
[2016-02-23 17:53:53,164][INFO ][cluster.routing.allocation.decider] [Feron] low disk watermark [85%] exceeded on [e90sc3RdQoW9DovH2qCSAA][Feron] free: 38.4gb[10.3%], replicas will not be assigned to this node
[2016-02-23 17:54:23,166][INFO ][cluster.routing.allocation.decider] [Feron] low disk watermark [85%] exceeded on [e90sc3RdQoW9DovH2qCSAA][Feron] free: 38.4gb[10.3%], replicas will not be assigned to this node
[2016-02-23 17:54:53,167][INFO ][cluster.routing.allocation.decider] [Feron] low disk watermark [85%] exceeded on [e90sc3RdQoW9DovH2qCSAA][Feron] free: 38.4gb[10.3%], replicas will not be assigned to this node
[2016-02-23 17:55:23,171][INFO ][cluster.routing.allocation.decider] [Feron] low disk watermark [85%] exceeded on [e90sc3RdQoW9DovH2qCSAA][Feron] free: 38.4gb[10.3%], replicas will not be assigned to this node
[2016-02-23 17:55:53,168][INFO ][cluster.routing.allocation.decider] [Feron] low disk watermark [85%] exceeded on [e90sc3RdQoW9DovH2qCSAA][Feron] free: 38.4gb[10.3%], replicas will not be assigned to this node
[2016-02-23 17:56:23,170][INFO ][cluster.routing.allocation.decider] [Feron] low disk watermark [85%] exceeded on [e90sc3RdQoW9DovH2qCSAA][Feron] free: 38.4gb[10.3%], replicas will not be assigned to this node
[2016-02-23 17:56:53,171][INFO ][cluster.routing.allocation.decider] [Feron] low disk watermark [85%] exceeded on [e90sc3RdQoW9DovH2qCSAA][Feron] free: 38.4gb[10.3%], replicas will not be assigned to this node
[2016-02-23 17:57:23,171][INFO ][cluster.routing.allocation.decider] [Feron] low disk watermark [85%] exceeded on [e90sc3RdQoW9DovH2qCSAA][Feron] free: 38.4gb[10.3%], replicas will not be assigned to this node
[2016-02-23 17:57:53,171][INFO ][cluster.routing.allocation.decider] [Feron] low disk watermark [85%] exceeded on [e90sc3RdQoW9DovH2qCSAA][Feron] free: 38.4gb[10.3%], replicas will not be assigned to this node
[2016-02-23 17:58:23,172][INFO ][cluster.routing.allocation.decider] [Feron] low disk watermark [85%] exceeded on [e90sc3RdQoW9DovH2qCSAA][Feron] free: 38.4gb[10.3%], replicas will not be assigned to this node
[2016-02-23 17:58:53,174][INFO ][cluster.routing.allocation.decider] [Feron] low disk watermark [85%] exceeded on [e90sc3RdQoW9DovH2qCSAA][Feron] free: 38.4gb[10.3%], replicas will not be assigned to this node
[2016-02-23 17:59:23,175][INFO ][cluster.routing.allocation.decider] [Feron] low disk watermark [85%] exceeded on [e90sc3RdQoW9DovH2qCSAA][Feron] free: 38.4gb[10.3%], replicas will not be assigned to this node
[2016-02-23 17:59:53,176][INFO ][cluster.routing.allocation.decider] [Feron] low disk watermark [85%] exceeded on [e90sc3RdQoW9DovH2qCSAA][Feron] free: 38.4gb[10.3%], replicas will not be assigned to this node
[2016-02-23 18:00:23,179][INFO ][cluster.routing.allocation.decider] [Feron] low disk watermark [85%] exceeded on [e90sc3RdQoW9DovH2qCSAA][Feron] free: 38.4gb[10.3%], replicas will not be assigned to this node
[2016-02-23 18:00:53,178][INFO ][cluster.routing.allocation.decider] [Feron] low disk watermark [85%] exceeded on [e90sc3RdQoW9DovH2qCSAA][Feron] free: 38.4gb[10.3%], replicas will not be assigned to this node
[2016-02-23 18:01:23,179][INFO ][cluster.routing.allocation.decider] [Feron] low disk watermark [85%] exceeded on [e90sc3RdQoW9DovH2qCSAA][Feron] free: 38.4gb[10.3%], replicas will not be assigned to this node
[2016-02-23 18:01:53,185][INFO ][cluster.routing.allocation.decider] [Feron] low disk watermark [85%] exceeded on [e90sc3RdQoW9DovH2qCSAA][Feron] free: 38.4gb[10.3%], replicas will not be assigned to this node
[2016-02-23 18:02:23,185][INFO ][cluster.routing.allocation.decider] [Feron] low disk watermark [85%] exceeded on [e90sc3RdQoW9DovH2qCSAA][Feron] free: 38.4gb[10.3%], replicas will not be assigned to this node
[2016-02-23 18:02:53,187][INFO ][cluster.routing.allocation.decider] [Feron] low disk watermark [85%] exceeded on [e90sc3RdQoW9DovH2qCSAA][Feron] free: 38.4gb[10.3%], replicas will not be assigned to this node
[2016-02-23 18:03:23,188][INFO ][cluster.routing.allocation.decider] [Feron] low disk watermark [85%] exceeded on [e90sc3RdQoW9DovH2qCSAA][Feron] free: 38.4gb[10.3%], replicas will not be assigned to this node
[2016-02-23 18:03:53,188][INFO ][cluster.routing.allocation.decider] [Feron] low disk watermark [85%] exceeded on [e90sc3RdQoW9DovH2qCSAA][Feron] free: 38.4gb[10.3%], replicas will not be assigned to this node
[2016-02-23 18:04:23,188][INFO ][cluster.routing.allocation.decider] [Feron] low disk watermark [85%] exceeded on [e90sc3RdQoW9DovH2qCSAA][Feron] free: 38.4gb[10.3%], replicas will not be assigned to this node
[2016-02-23 18:04:53,194][INFO ][cluster.routing.allocation.decider] [Feron] low disk watermark [85%] exceeded on [e90sc3RdQoW9DovH2qCSAA][Feron] free: 38.4gb[10.3%], replicas will not be assigned to this node
[2016-02-23 18:05:23,191][INFO ][cluster.routing.allocation.decider] [Feron] low disk watermark [85%] exceeded on [e90sc3RdQoW9DovH2qCSAA][Feron] free: 38.4gb[10.3%], replicas will not be assigned to this node
[2016-02-23 18:05:53,190][INFO ][cluster.routing.allocation.decider] [Feron] low disk watermark [85%] exceeded on [e90sc3RdQoW9DovH2qCSAA][Feron] free: 38.4gb[10.3%], replicas will not be assigned to this node
[2016-02-23 18:06:23,192][INFO ][cluster.routing.allocation.decider] [Feron] low disk watermark [85%] exceeded on [e90sc3RdQoW9DovH2qCSAA][Feron] free: 38.4gb[10.3%], replicas will not be assigned to this node
[2016-02-23 18:06:53,194][INFO ][cluster.routing.allocation.decider] [Feron] low disk watermark [85%] exceeded on [e90sc3RdQoW9DovH2qCSAA][Feron] free: 38.4gb[10.3%], replicas will not be assigned to this node
[2016-02-23 18:07:23,194][INFO ][cluster.routing.allocation.decider] [Feron] low disk watermark [85%] exceeded on [e90sc3RdQoW9DovH2qCSAA][Feron] free: 38.4gb[10.3%], replicas will not be assigned to this node
[2016-02-23 18:33:26,820][WARN ][bootstrap                ] jvm uses the client vm, make sure to run `java` with the server vm for best performance by adding `-server` to the command line
[2016-02-23 18:33:27,023][INFO ][node                     ] [Neptune] version[1.7.2], pid[7772], build[e43676b/2015-09-14T09:49:53Z]
[2016-02-23 18:33:27,023][INFO ][node                     ] [Neptune] initializing ...
[2016-02-23 18:33:27,117][INFO ][plugins                  ] [Neptune] loaded [], sites []
[2016-02-23 18:33:27,164][INFO ][env                      ] [Neptune] using [1] data paths, mounts [[OS (C:)]], net usable_space [39.5gb], net total_space [372.1gb], types [NTFS]
[2016-02-23 18:33:29,693][INFO ][node                     ] [Neptune] initialized
[2016-02-23 18:33:29,693][INFO ][node                     ] [Neptune] starting ...
[2016-02-23 18:33:30,115][INFO ][transport                ] [Neptune] bound_address {inet[/0:0:0:0:0:0:0:0:9300]}, publish_address {inet[/192.168.178.25:9300]}
[2016-02-23 18:33:30,428][INFO ][discovery                ] [Neptune] elasticsearch/JuGh864DTz6czagtm5Al4g
[2016-02-23 18:33:34,282][INFO ][cluster.service          ] [Neptune] new_master [Neptune][JuGh864DTz6czagtm5Al4g][RoysNotebook][inet[/192.168.178.25:9300]], reason: zen-disco-join (elected_as_master)
[2016-02-23 18:33:34,579][INFO ][http                     ] [Neptune] bound_address {inet[/0:0:0:0:0:0:0:0:9200]}, publish_address {inet[/192.168.178.25:9200]}
[2016-02-23 18:33:34,579][INFO ][node                     ] [Neptune] started
[2016-02-23 18:33:34,642][INFO ][gateway                  ] [Neptune] recovered [1] indices into cluster_state
[2016-02-23 18:33:36,301][DEBUG][action.search.type       ] [Neptune] All shards failed for phase: [query]
org.elasticsearch.index.shard.IllegalIndexShardStateException: [search][0] CurrentState[RECOVERING] operations only allowed when started/relocated
	at org.elasticsearch.index.shard.IndexShard.readAllowed(IndexShard.java:1004)
	at org.elasticsearch.index.shard.IndexShard.acquireSearcher(IndexShard.java:797)
	at org.elasticsearch.index.shard.IndexShard.acquireSearcher(IndexShard.java:793)
	at org.elasticsearch.search.SearchService.createContext(SearchService.java:564)
	at org.elasticsearch.search.SearchService.createAndPutContext(SearchService.java:544)
	at org.elasticsearch.search.SearchService.executeQueryPhase(SearchService.java:306)
	at org.elasticsearch.search.action.SearchServiceTransportAction$5.call(SearchServiceTransportAction.java:231)
	at org.elasticsearch.search.action.SearchServiceTransportAction$5.call(SearchServiceTransportAction.java:228)
	at org.elasticsearch.search.action.SearchServiceTransportAction$23.run(SearchServiceTransportAction.java:559)
	at java.util.concurrent.ThreadPoolExecutor.runWorker(Unknown Source)
	at java.util.concurrent.ThreadPoolExecutor$Worker.run(Unknown Source)
	at java.lang.Thread.run(Unknown Source)
[2016-02-23 18:34:04,334][INFO ][cluster.routing.allocation.decider] [Neptune] low disk watermark [85%] exceeded on [JuGh864DTz6czagtm5Al4g][Neptune] free: 39.5gb[10.6%], replicas will not be assigned to this node
[2016-02-23 18:34:34,315][INFO ][cluster.routing.allocation.decider] [Neptune] low disk watermark [85%] exceeded on [JuGh864DTz6czagtm5Al4g][Neptune] free: 39.5gb[10.6%], replicas will not be assigned to this node
[2016-02-23 18:35:04,320][INFO ][cluster.routing.allocation.decider] [Neptune] low disk watermark [85%] exceeded on [JuGh864DTz6czagtm5Al4g][Neptune] free: 39.5gb[10.6%], replicas will not be assigned to this node
[2016-02-23 18:35:34,320][INFO ][cluster.routing.allocation.decider] [Neptune] low disk watermark [85%] exceeded on [JuGh864DTz6czagtm5Al4g][Neptune] free: 39.5gb[10.6%], replicas will not be assigned to this node
[2016-02-23 18:36:04,321][INFO ][cluster.routing.allocation.decider] [Neptune] low disk watermark [85%] exceeded on [JuGh864DTz6czagtm5Al4g][Neptune] free: 39.5gb[10.6%], replicas will not be assigned to this node
[2016-02-23 18:36:34,322][INFO ][cluster.routing.allocation.decider] [Neptune] low disk watermark [85%] exceeded on [JuGh864DTz6czagtm5Al4g][Neptune] free: 39.5gb[10.6%], replicas will not be assigned to this node
[2016-02-23 18:37:04,323][INFO ][cluster.routing.allocation.decider] [Neptune] low disk watermark [85%] exceeded on [JuGh864DTz6czagtm5Al4g][Neptune] free: 39.5gb[10.6%], replicas will not be assigned to this node
[2016-02-23 18:37:34,324][INFO ][cluster.routing.allocation.decider] [Neptune] low disk watermark [85%] exceeded on [JuGh864DTz6czagtm5Al4g][Neptune] free: 39.5gb[10.6%], replicas will not be assigned to this node
[2016-02-23 18:38:04,326][INFO ][cluster.routing.allocation.decider] [Neptune] low disk watermark [85%] exceeded on [JuGh864DTz6czagtm5Al4g][Neptune] free: 39.5gb[10.6%], replicas will not be assigned to this node
[2016-02-23 18:38:34,326][INFO ][cluster.routing.allocation.decider] [Neptune] low disk watermark [85%] exceeded on [JuGh864DTz6czagtm5Al4g][Neptune] free: 39.5gb[10.6%], replicas will not be assigned to this node
[2016-02-23 18:39:04,326][INFO ][cluster.routing.allocation.decider] [Neptune] low disk watermark [85%] exceeded on [JuGh864DTz6czagtm5Al4g][Neptune] free: 39.5gb[10.6%], replicas will not be assigned to this node
[2016-02-23 18:39:34,329][INFO ][cluster.routing.allocation.decider] [Neptune] low disk watermark [85%] exceeded on [JuGh864DTz6czagtm5Al4g][Neptune] free: 39.5gb[10.6%], replicas will not be assigned to this node
[2016-02-23 18:40:04,330][INFO ][cluster.routing.allocation.decider] [Neptune] low disk watermark [85%] exceeded on [JuGh864DTz6czagtm5Al4g][Neptune] free: 39.5gb[10.6%], replicas will not be assigned to this node
[2016-02-23 18:40:34,341][INFO ][cluster.routing.allocation.decider] [Neptune] low disk watermark [85%] exceeded on [JuGh864DTz6czagtm5Al4g][Neptune] free: 39.5gb[10.6%], replicas will not be assigned to this node
[2016-02-23 18:41:04,351][INFO ][cluster.routing.allocation.decider] [Neptune] low disk watermark [85%] exceeded on [JuGh864DTz6czagtm5Al4g][Neptune] free: 39.5gb[10.6%], replicas will not be assigned to this node
[2016-02-23 18:41:34,364][INFO ][cluster.routing.allocation.decider] [Neptune] low disk watermark [85%] exceeded on [JuGh864DTz6czagtm5Al4g][Neptune] free: 39.5gb[10.6%], replicas will not be assigned to this node
[2016-02-23 18:42:04,371][INFO ][cluster.routing.allocation.decider] [Neptune] low disk watermark [85%] exceeded on [JuGh864DTz6czagtm5Al4g][Neptune] free: 39.5gb[10.6%], replicas will not be assigned to this node
[2016-02-23 18:42:34,375][INFO ][cluster.routing.allocation.decider] [Neptune] low disk watermark [85%] exceeded on [JuGh864DTz6czagtm5Al4g][Neptune] free: 39.5gb[10.6%], replicas will not be assigned to this node
[2016-02-23 18:43:04,373][INFO ][cluster.routing.allocation.decider] [Neptune] low disk watermark [85%] exceeded on [JuGh864DTz6czagtm5Al4g][Neptune] free: 39.5gb[10.6%], replicas will not be assigned to this node
[2016-02-23 18:43:34,379][INFO ][cluster.routing.allocation.decider] [Neptune] low disk watermark [85%] exceeded on [JuGh864DTz6czagtm5Al4g][Neptune] free: 39.5gb[10.6%], replicas will not be assigned to this node
[2016-02-23 18:44:04,378][INFO ][cluster.routing.allocation.decider] [Neptune] low disk watermark [85%] exceeded on [JuGh864DTz6czagtm5Al4g][Neptune] free: 39.5gb[10.6%], replicas will not be assigned to this node
[2016-02-23 18:44:34,382][INFO ][cluster.routing.allocation.decider] [Neptune] low disk watermark [85%] exceeded on [JuGh864DTz6czagtm5Al4g][Neptune] free: 39.5gb[10.6%], replicas will not be assigned to this node
[2016-02-23 18:45:04,383][INFO ][cluster.routing.allocation.decider] [Neptune] low disk watermark [85%] exceeded on [JuGh864DTz6czagtm5Al4g][Neptune] free: 39.5gb[10.6%], replicas will not be assigned to this node
[2016-02-23 18:45:34,386][INFO ][cluster.routing.allocation.decider] [Neptune] low disk watermark [85%] exceeded on [JuGh864DTz6czagtm5Al4g][Neptune] free: 39.5gb[10.6%], replicas will not be assigned to this node
[2016-02-23 18:46:04,400][INFO ][cluster.routing.allocation.decider] [Neptune] low disk watermark [85%] exceeded on [JuGh864DTz6czagtm5Al4g][Neptune] free: 39.5gb[10.6%], replicas will not be assigned to this node
[2016-02-23 18:46:34,406][INFO ][cluster.routing.allocation.decider] [Neptune] low disk watermark [85%] exceeded on [JuGh864DTz6czagtm5Al4g][Neptune] free: 39.5gb[10.6%], replicas will not be assigned to this node
[2016-02-23 18:47:04,418][INFO ][cluster.routing.allocation.decider] [Neptune] low disk watermark [85%] exceeded on [JuGh864DTz6czagtm5Al4g][Neptune] free: 39.5gb[10.6%], replicas will not be assigned to this node
[2016-02-23 18:47:34,420][INFO ][cluster.routing.allocation.decider] [Neptune] low disk watermark [85%] exceeded on [JuGh864DTz6czagtm5Al4g][Neptune] free: 39.5gb[10.6%], replicas will not be assigned to this node
